
=== Fri Apr 15 00:51:08 2022

Packages were changed.
Update Mode: updateDependencies

The following packages were updated:
  com.unity.2d.animation from version 5.0.6 to 7.0.4
  com.unity.2d.psdimporter from version 4.1.0 to 6.0.3
  com.unity.analytics from version 3.6.11 to 3.6.12
  com.unity.cinemachine from version 2.6.0 to 2.8.4
  com.unity.collab-proxy from version 1.9.0 to 1.15.15
  com.unity.ide.rider from version 2.0.7 to 3.0.13
  com.unity.ide.visualstudio from version 2.0.11 to 2.0.14
  com.unity.ide.vscode from version 1.2.4 to 1.2.5
  com.unity.purchasing from version 3.2.2 to 4.1.3
  com.unity.test-framework from version 1.1.29 to 1.1.31
  com.unity.timeline from version 1.4.8 to 1.6.4
  com.unity.xr.legacyinputhelpers from version 2.1.8 to 2.1.9
The following packages were removed:
  com.unity.multiplayer-hlapi@1.0.6

=== Sat Apr 16 18:03:03 2022

Packages were changed.
Update Mode: updateDependencies

The following packages were updated:
  com.unity.2d.spriteshape from version 5.3.0 to 7.0.4
